C51 COMPILER V9.01   JTD                                                                   03/13/2017 22:59:26 PAGE 1   


C51 COMPILER V9.01, COMPILATION OF MODULE JTD
OBJECT MODULE PLACED IN jtd.OBJ
COMPILER INVOKED BY: C:\Keil\C51\BIN\C51.EXE jtd.c BROWSE DEBUG OBJECTEXTEND

line level    source

   1          #include <reg51.h>                              //ͷļ
   2          #define uchar unsigned char
   3          #define uint  unsigned int              //궨
   4          
   5          uchar  buf[4];                                  //ʾı
   6          uchar  sec_dx=20;                       //Ĭ
   7          uchar  sec_nb=30;                       //ϱĬֵ
   8          float  set_timedx=20;           //öʱ
   9          float  set_timenb=30;           //ϱʱ
  10          int n;
  11          uchar data countt0,countt1,flag,flag1,flag2,count2,flag3,flag5;//ʱ0жϴ
  12          //6鿪
  13          sbit  k3=P3^4;          //ȷ
  14          sbit  k5=P3^1;          //ֹ
  15          sbit  k6=P1^5;          //ҹģʽ
  16          sbit  k7=P3^7;            //⣬ģʽ
  17          sbit  k8=P3^5;            //
  18          sbit  k9=P3^6;          //ϱ
  19          
  20          sbit BUZZ=P3^0;
  21          
  22          sbit Red_nb=P2^6;               //ϱƱ־
  23          sbit Yellow_nb=P2^5;    //ϱƵƱ־
  24          sbit Green_nb=P2^4;     //ϱ̵Ʊ־
  25          
  26          sbit Red_dx=P2^3;               //Ʊ־
  27          sbit Yellow_dx=P2^2;    //ƵƱ־
  28          sbit Green_dx=P2^1;             //̵Ʊ־
  29                          
  30          bit set=0;                              //ʱл־ =1ʱϱ=0ʱ
  31          bit dx_nb=0;                    //ϱλ
  32          bit shanruo=0;                  //˸־λ
  33          bit yejian=0;                   //ҹƵ˸־λ
  34          
  35          uchar code table[11]={  //
  36                  0x3f,  //--0
  37                  0x06,  //--1
  38                  0x5b,  //--2
  39                  0x4f,  //--3
  40                  0x66,  //--4
  41                  0x6d,  //--5
  42                  0x7d,  //--6
  43                  0x07,  //--7
  44                  0x7f,  //--8
  45                  0x6f,  //--9
  46                  0x00   //--NULL
  47          };
  48          
  49          //
  50          void delay(int ms);                     //ʱӳ
  51          void key();                                     //ɨӳ
  52          void key_to1();                         //ӳ
  53          void key_to2();
  54          void key_to3();
  55          void display();                         //ʾӳ
C51 COMPILER V9.01   JTD                                                                   03/13/2017 22:59:26 PAGE 2   

  56          void logo();                            //LOGO
  57          void Buzzer();
  58          //
  59          void main()
  60          {
  61   1              TMOD=0X11;                                      //ʱ
  62   1              TH1=0X3C;               
  63   1              TL1=0XB0;
  64   1              TH0=0X3C;                                       //ʱ0óֵ 0.05S
  65   1              TL0=0XB0;
  66   1              EA=1;                                           //ж
  67   1              ET0=1;                                          //ʱ0жϿ
  68   1              ET1=1;                                     //ʱ1жϿ
  69   1              TR0=1;                                          //ʱ0
  70   1              TR1=0;                                                  //رնʱ1
  71   1              EX0=1;                                          //ⲿж0
  72   1              EX1=1;                                          //ⲿж1
  73   1          logo();                                             //ʼ
  74   1              P2=0Xc3;                                // ʼĬ״̵̬ƣϱƵ   
  75   1          sec_nb=sec_dx+5;                    //Ĭϱͨʱȶ5
  76   1              while(1)                                          //ѭ
  77   1              {        
  78   2                      key();                                  //ðɨ
  79   2                      display();                              //ʾ
  80   2              }       
  81   1      }
  82          //Ķ岿
  83          void key(void)  //ɨӳ
  84          {       
  85   1              if(k3!=1)                                                       //K3ȷϣʱ
  86   1              {       
  87   2                      display();                                      //ʾʱ
  88   2                      if(k3!=1)                                               //ȷ
  89   2                      {       flag=0;
  90   3                              TR0=1;                                                  //ʱ0
  91   3                              flag3=0;
  92   3                              TR1=1;
  93   3                              sec_nb=set_timenb;                              //жϻظʾùֵ
  94   3                              sec_dx=set_timedx;                              //ʾùʱ
  95   3                                                                                      //ضʱ1     
  96   3                              if(set==0)                                              //ʱ䵹ʱ0ʱ
  97   3                              { 
  98   4                                      P2=0X00;                                         //ʾ
  99   4                                      Green_dx=1;                                             //̵
 100   4                                      Red_nb=1;                                       //ϱ
 101   4                                      sec_nb=sec_dx+5;                        //صֵ
 102   4                              }
 103   3                              else 
 104   3                              { 
 105   4                                      P2=0x00;                                        //ϱ̵ƣ
 106   4                                      Green_nb=1;
 107   4                                      Red_dx=1;
 108   4                                      sec_dx=sec_nb+5; 
 109   4                              }
 110   3                      }
 111   2              }
 112   1              if(k5!=1)                                                       //K5ֹʱ
 113   1              {
 114   2                      display();                                      //ʾʱ
 115   2                      if(k5!=1)                                               //ȷ
 116   2                      {         flag3=0;
 117   3                      flag5=1-flag5;
C51 COMPILER V9.01   JTD                                                                   03/13/2017 22:59:26 PAGE 3   

 118   3                        if(flag5==1)
 119   3                  {   TR0=0;                                          //ضʱ
 120   4                              P2=0x00;                                        //ʾ
 121   4                              Red_dx=1;
 122   4                              Red_nb=1;                       }               //ȫú  
 123   3                              if(flag5==0)
 124   3      {                   TR0=1;
 125   4                                      P2=0X00;                                         //ʾ
 126   4                                      Green_dx=1;                                             //̵
 127   4                                      Red_nb=1;                                       //ϱ
 128   4                                      sec_dx=set_timedx;
 129   4                                      sec_nb=sec_dx+5; }              //صֵ
 130   3                              do
 131   3                              {
 132   4                                      display();                              //ʾʱ
 133   4                              }       
 134   3                              while(k5!=1);                   //ȴͷ  
 135   3                      }
 136   2              }
 137   1              if(k6!=1)                                                       //K6ҹģʽ 
 138   1              {
 139   2                      display();                                      //ʾʱ 
 140   2                      if(k6!=1)                                               //ȷ
 141   2                      {       
 142   3                      TR0=0;                                          //ضʱ
 143   3                              P2=0x00;
 144   3                              flag3=1;
 145   3                              sec_dx=00;                                      //ĸʱ䶼Ϊ00
 146   3                              sec_nb=00;
 147   3                              do
 148   3                              {
 149   4                                      display();                        //ʾʱ
 150   4                              }       
 151   3                              while(k6!=1);                   //ȴͷ  
 152   3                      }
 153   2              }
 154   1              if(k7!=1)                                                       //K6ҹģʽ 
 155   1              {
 156   2                      display();                                      //ʾʱ 
 157   2                      if(k7!=1)                                               //ȷ
 158   2                      {
 159   3                              flag++;         
 160   3                              if(flag>=99)                                     
 161   3                              flag=0;            //ģʽΧ
 162   3                              if(flag==1)
 163   3                              {
 164   4                                      TR0=0;TR1=1;
 165   4                                      sec_dx=set_timedx;
 166   4                                      sec_nb=set_timenb;        //ʾõĳʼͨʱ
 167   4                                      do      
 168   4                                  { 
 169   5                                              display();                      //ʾʱ
 170   5                                      }
 171   4                                      
 172   4                                      while(k7!=1); 
 173   4                              }
 174   3                              if(flag==2)
 175   3                              {
 176   4                                      TR0=0;TR1=1;
 177   4                                      sec_dx=flag2;
 178   4                                      sec_nb=flag1;                             //ʾ
 179   4                                      do      
C51 COMPILER V9.01   JTD                                                                   03/13/2017 22:59:26 PAGE 4   

 180   4                                  { 
 181   5                                              display();                      //ʾʱ
 182   5                                      }
 183   4                                      while(k7!=1); 
 184   4                              }
 185   3                      }
 186   2              }
 187   1              if(k8!=1)                                                       // 
 188   1              {
 189   2                      display();                                      //ʾʱ 
 190   2                      if(k8!=1)                                               //ȷ
 191   2                      {
 192   3                              if(Green_dx==1)
 193   3                              {
 194   4                                      flag2++;                        //
 195   4                                      if(flag2>=99)
 196   4                                      flag2=0;        
 197   4                              }
 198   3                              else if(Red_dx==1)
 199   3                              {
 200   4                                      BUZZ=0;
 201   4                                      countt1=0;
 202   4                              }             
 203   3                              
 204   3                              if(flag==0)
 205   3                              {
 206   4                                      do      
 207   4                                      { 
 208   5                                              display();                      //ʾʱ
 209   5                                      }
 210   4              
 211   4                                      while(k8!=1);
 212   4                              }
 213   3                              if(flag==1)
 214   3                              {
 215   4                                      sec_dx=set_timedx;
 216   4                                      sec_nb=set_timenb;                               //ʾõͨʱ
 217   4                                      do      
 218   4                                      { 
 219   5                                              display();                      //ʾʱ
 220   5                                      }
 221   4              
 222   4                                      while(k8!=1);
 223   4                              }
 224   3                              if(flag==2)
 225   3                              {
 226   4                                      sec_nb=flag1;           //ʾ
 227   4                                      sec_dx=flag2;    
 228   4                                      do      
 229   4                                      { 
 230   5                                              display();                      //ʾʱ
 231   5                                      }
 232   4                                      while(k8!=1);   
 233   4                              }
 234   3                      }
 235   2              }
 236   1              if(k9!=1)                                                       //
 237   1              {
 238   2                      display();                                      //ʾʱ 
 239   2                      if(k9!=1)                                               //ȷ
 240   2                      {
 241   3                              if(Green_nb==1)
C51 COMPILER V9.01   JTD                                                                   03/13/2017 22:59:26 PAGE 5   

 242   3                              {
 243   4                                      flag1++;                                   //ϱ
 244   4                                      if(flag1>=99)
 245   4                                      flag1=0;        
 246   4                              }
 247   3                              else if(Red_nb==1)
 248   3                              {
 249   4                                      BUZZ=0;
 250   4                                      countt1=0;
 251   4                              }                               
 252   3                                                                         //99
 253   3                              if(flag==0)
 254   3                              {
 255   4                                      do      
 256   4                                      { 
 257   5                                              display();                      //ʾʱ
 258   5                                      }
 259   4                              
 260   4                                      while(k9!=1);
 261   4                              }
 262   3                              if(flag==1)
 263   3                              {
 264   4                                      sec_nb=set_timenb;              //õֵϱ
 265   4                                      sec_dx=set_timedx;       
 266   4                                      do      
 267   4                                      { 
 268   5                                              display();                      //ʾʱ
 269   5                                      }
 270   4                                      while(k9!=1);   
 271   4                              }
 272   3                              if(flag==2)
 273   3                              {
 274   4                                      sec_nb=flag1;           //ĳϱ
 275   4                                      sec_dx=flag2;    
 276   4                                      do      
 277   4                                      { 
 278   5                                              display();                      //ʾʱ
 279   5                                      }
 280   4                                      while(k9!=1);   
 281   4                              }
 282   3                      }
 283   2              }
 284   1      }
 285          void display(void) //ʾӳ
 286          {               
 287   1              buf[1]=sec_nb/10;               //1λ ʮλ
 288   1              buf[2]=sec_nb%10;               //2λ λ
 289   1              buf[3]=sec_dx/10;               //3λ ϱʮλ
 290   1              buf[0]=sec_dx%10;               //4λ ϱλ              
 291   1              P1=0xff;                        // ʼΪ
 292   1              P0=0x00;                                 ////ʾ
 293   1              P1=0xfe;                        //ƬѡLED1
 294   1              P0=table[buf[1]];               //Ͷʱʮλܱ                    
 295   1              delay(1);                               //ʱ
 296   1              P1=0xff;                                //ʾ
 297   1              P0=0x00;                                //ʾ
 298   1                                                         
 299   1              P1=0xfd;                //ƬѡLED2
 300   1              P0=table[buf[2]];                //Ͷʱλܱ
 301   1              delay(1);                                //ʱ
 302   1              P1=0xff;                                //ʾ
 303   1              P0=0x00;                                //ʾ
C51 COMPILER V9.01   JTD                                                                   03/13/2017 22:59:26 PAGE 6   

 304   1              P1=0Xfb;                                //ƬѡLED3
 305   1              P0=table[buf[3]];               //ϱʱʮλܱ
 306   1              delay(1);                               //ʱ
 307   1              P1=0xff;                                 //ʾ
 308   1              P0=0x00;                                 //ʾ
 309   1              P1=0Xf7;                                 //ƬѡLED4     
 310   1              P0=table[buf[0]];               //ϱʱλܱ
 311   1              delay(1);                               //ʱ
 312   1      }
 313          
 314          void time0(void) interrupt 1 using 1    //ʱжӳ
 315          {
 316   1              TH0=0X3C;                                                       //ظֵ
 317   1              TL0=0XB0;                                                       //12m50ms//ظֵ
 318   1              TR0=1;                                                          //ʱ
 319   1              countt0++;                                                      //1
 320   1              if(countt0==10)                                         //ӵ10Ҳǰ
 321   1              {
 322   2                      if((sec_nb<=5)&&(dx_nb==0)&&(shanruo==1))               //Ƶ            
 323   2              {
 324   3                              Green_dx=0;
 325   3                              Yellow_dx=0;
 326   3                      }                                               
 327   2                  if((sec_dx<=5)&&(dx_nb==1)&&(shanruo==1))           //ϱƵ            
 328   2              {  
 329   3                              Green_nb=0;
 330   3                              Yellow_nb=0;
 331   3                      }       
 332   2              }
 333   1                      
 334   1              if(countt0==20)                         // ʱжϴ=20ʱ1ʱ
 335   1              {       countt0=0;                                              //
 336   2                      sec_dx--;                                               //ʱ1
 337   2                      sec_nb--;                                               //ϱʱ1
 338   2                      
 339   2      //              BUZZ=1;
 340   2                      if((sec_nb<=5)&&(dx_nb==0)&&(shanruo==1))               //Ƶ            
 341   2              {
 342   3                              Green_dx=0;
 343   3                              Yellow_dx=1;
 344   3                      }                                               
 345   2                  if((sec_dx<=5)&&(dx_nb==1)&&(shanruo==1))           //ϱƵ            
 346   2              {  
 347   3                              Green_nb=0;
 348   3                              Yellow_nb=1;
 349   3                      }                                                               
 350   2                      if(sec_dx==0&&sec_nb==5)                //ʱ0ʱ5룬ڻƵ˸ʱ   
 351   2                      {
 352   3                              sec_dx=5;
 353   3                              shanruo=1;
 354   3                      }
 355   2                      if(sec_nb==0&&sec_dx==5)                //ϱʱ0ʱ5룬ڻƵ˸ʱ   
 356   2                      {
 357   3                              sec_nb=5;
 358   3                              shanruo=1;
 359   3                      }
 360   2                      if(dx_nb==0&&sec_nb==0)                 //Ƶ˸ʱ䵹ʱ0ʱ
 361   2                      {
 362   3                              P2=0x00;                                        //öϱĺ̵
 363   3                              Green_nb=1;
 364   3                              Red_dx=1;
 365   3                              dx_nb=!dx_nb;
C51 COMPILER V9.01   JTD                                                                   03/13/2017 22:59:26 PAGE 7   

 366   3                              shanruo=0;
 367   3                                                                                                                                                                                           
 368   3                              if(flag1*10/set_timenb>=5)                 //ͨʱ20룬ôͨĳڵ10ô´ͨʱ5
             -룬Ϊ25
 369   3                              {set_timenb=set_timenb+5;}                 //ͨʱ25룬ôͨĳڵ12.5ҲǴڵ13
             -ô´ͨʱͼ5룬Ϊ30
 370   3                              else
 371   3                              {                                                                  //ͨʱ20룬ôͨĳС10ô´ͨʱ5룬Ϊ15
 372   4                                      set_timenb=set_timenb-5;           //ͨʱ25룬ôͨĳС12.5ҲǴڵ13ô
             -´ͨʱͼ5룬Ϊ20
 373   4                                      if(set_timenb<15)                          //Ǽ޵ļСͨʱ15
 374   4                                      {
 375   5                                              set_timenb=15;
 376   5                                      }
 377   4                              }
 378   3                              flag1=0;                        
 379   3      
 380   3                              sec_nb=set_timenb;                      //ظϱʼֵ
 381   3                              sec_dx=set_timenb+5;            //ظʼֵ
 382   3                      }               
 383   2                      if(dx_nb==1&&sec_dx==0)                 //Ƶ˸ʱ䵽
 384   2                      {
 385   3                              P2=0X00;                                        //öϱĺ̵״̬
 386   3                              Green_dx=1;                                      //̵
 387   3                              Red_nb=1;                                        //ϱ
 388   3                              dx_nb=!dx_nb;                            //ȡ
 389   3                              shanruo=0;                                      //˸
 390   3      
 391   3                              if(flag2*10/set_timedx>=5)               //ͨʱ20룬ôͨĳڵ10ô´ͨʱ5
             -Ϊ25
 392   3                              {set_timedx=set_timedx+5;}               //ͨʱ25룬ôͨĳڵ12.5ҲǴڵ13
             -ô´ͨʱͼ5룬Ϊ30
 393   3                              else
 394   3                              {                                                                //ͨʱ20룬ôͨĳС10ô´ͨʱ5룬Ϊ15
 395   4                                      set_timedx=set_timedx-5;         //ͨʱ25룬ôͨĳС12.5ҲǴڵ13ô
             -ͨʱͼ5룬Ϊ20
 396   4                                      if(set_timedx<15)                        //Ǽ޵ļСͨʱ15
 397   4                                      {
 398   5                                              set_timedx=15;
 399   5                                      }
 400   4                              }
 401   3                              flag2=0;
 402   3      
 403   3                              sec_dx=set_timedx;                      //ظʼֵ
 404   3                              sec_nb=set_timedx+5;            //ظϱʼֵ
 405   3                      }
 406   2              }
 407   1      }
 408          void time1(void) interrupt 3    //ʱжӳ
 409          {
 410   1              TH1=0X3C;                                                       //ظֵ
 411   1              TL1=0XB0;                                                       //12m50ms//ظֵ
 412   1              countt1++;                                                      //1
 413   1              if(countt1==10)                                    // ʱжϴ=10ʱ0.5룩
 414   1              {          
 415   2                      if(flag3==1)
 416   2                  {
 417   3                              Yellow_nb=0;                            //ϱƵ
 418   3                              Yellow_dx=0;                            //Ƶ   
 419   3                      }       
 420   2              }                                                                                                    
 421   1              if(countt1==20)                         // ʱжϴ=20ʱ1ʱ
C51 COMPILER V9.01   JTD                                                                   03/13/2017 22:59:26 PAGE 8   

 422   1              {           
 423   2                      count2++;
 424   2                      countt1=0;                                              //
 425   2                      BUZZ=1;
 426   2                      if(flag3==1)
 427   2                      {       
 428   3                              Yellow_nb=1;                                    //ϱƵ
 429   3                              Yellow_dx=1;                     
 430   3                      }       //Ƶ
 431   2              }
 432   1      }
 433          
 434          
 435          //ⲿж0
 436          void int0(void) interrupt 0 using 1        //ֻͨ
 437          {
 438   1              TR0=0;                                                          //ضʱ0
 439   1              TR1=1;flag3=0;                                                          //ضʱ1
 440   1              P2=0x00;                                                        //ʾ
 441   1              Green_dx=1;                                                     //̵
 442   1              Red_nb=1;                                                       //ϱΪ
 443   1              sec_dx=00;                                                      //ĸʱ䶼Ϊ00
 444   1              sec_nb=00;      
 445   1      }
 446          
 447          //ⲿж1
 448          void int1(void) interrupt 2 using 1              //ֻϱͨ 
 449          {
 450   1              TR0=0;                                                          //ضʱ0
 451   1              TR1=1;flag3=0;                                                     //ضʱ1
 452   1              P2=0x00;                                                        //ʾ
 453   1              Green_nb=1;                                                     //ϱΪ̵
 454   1              Red_dx=1;                                                       //Ϊ
 455   1              sec_nb=00;                                                      //ĸʱ䶼Ϊ00
 456   1              sec_dx=00;
 457   1      }
 458          void logo()//Logo  "- - - -"
 459          { 
 460   1              for(n=0;n<50;n++)       //ѭʾ----50
 461   1              {
 462   2                  P0=0x40;  //Ρ-
 463   2                  P1=0xfe;    //һλʾ
 464   2                      delay(1);       //ʱ
 465   2                  P1=0xfd;    //ڶλʾ
 466   2                      delay(1);       //ʱ
 467   2                      P1=0Xfb;        //λʾ
 468   2                      delay(1);       //ʱ
 469   2                      P1=0Xf7;        //λʾ
 470   2                      delay(1);       //ʱ
 471   2                  P1 = 0xff;  //ʾ
 472   2              }
 473   1      }
 474          
 475          void delay(int ms)              //ʱӳ
 476          {
 477   1              uint j,k;
 478   1              for(j=0;j<ms;j++)                       //ʱms
 479   1                 for(k=0;k<124;k++);          //Լ1ʱ
 480   1      }


MODULE INFORMATION:   STATIC OVERLAYABLE
C51 COMPILER V9.01   JTD                                                                   03/13/2017 22:59:26 PAGE 9   

   CODE SIZE        =   1319    ----
   CONSTANT SIZE    =     11    ----
   XDATA SIZE       =   ----    ----
   PDATA SIZE       =   ----    ----
   DATA SIZE        =     24    ----
   IDATA SIZE       =   ----    ----
   BIT SIZE         =      4    ----
END OF MODULE INFORMATION.


C51 COMPILATION COMPLETE.  0 WARNING(S),  0 ERROR(S)
